<?xml version="1.0" encoding="UTF-8"?>
<!-- Generated by org.testng.reporters.JUnitXMLReporter -->
<testsuite ignored="3" hostname="DESKTOP-J9OJM1R" failures="1" tests="1" name="TestChrome" time="159.037" errors="0" timestamp="2022-02-18T15:29:53 IST">
  <testcase classname="com.myshop.testcases.SearchResultsPageTests" name="productComparison" time="97.507">
    <failure type="java.lang.NullPointerException" message="Cannot invoke &amp;quot;com.myshop.pageobjects.ProductComparisonPage.pageTitle()&amp;quot; because &amp;quot;this.compare&amp;quot; is null">
      <![CDATA[java.lang.NullPointerException: Cannot invoke "com.myshop.pageobjects.ProductComparisonPage.pageTitle()" because "this.compare" is null
at com.myshop.testcases.SearchResultsPageTests.productComparison(SearchResultsPageTests.java:109)
at java.base/java.util.ArrayList.forEach(ArrayList.java:1511)
... Removed 27 stack frames]]>
    </failure>
  </testcase> <!-- productComparison -->
  <testcase classname="com.myshop.testcases.SearchResultsPageTests" name="validateSorting" time="0.0">
    <ignored/>
  </testcase> <!-- validateSorting -->
  <testcase classname="com.myshop.testcases.SearchResultsPageTests" name="VerifyResultsPageTitle" time="0.0">
    <ignored/>
  </testcase> <!-- VerifyResultsPageTitle -->
  <testcase classname="com.myshop.testcases.SearchResultsPageTests" name="verifyProductPageTitle" time="0.0">
    <ignored/>
  </testcase> <!-- verifyProductPageTitle -->
</testsuite> <!-- TestChrome -->
