<?xml version="1.0" encoding="UTF-8"?>
<!-- Generated by org.testng.reporters.JUnitXMLReporter -->
<testsuite ignored="0" hostname="DESKTOP-J9OJM1R" failures="3" tests="4" name="TestChrome" time="148.28" errors="0" timestamp="2022-02-01T10:47:28 IST">
  <testcase classname="com.myshop.testcases.LogInTests" name="logInTest" time="20.543"/>
  <testcase classname="com.myshop.testcases.LogInTests" name="logInTest1" time="10.639">
    <failure type="java.lang.AssertionError" message="expected [true] but found [false]">
      <![CDATA[java.lang.AssertionError: expected [true] but found [false]
at com.myshop.testcases.LogInTests.logInTest1(LogInTests.java:64)
at java.base/java.util.ArrayList.forEach(ArrayList.java:1511)
... Removed 31 stack frames]]>
    </failure>
  </testcase> <!-- logInTest1 -->
  <testcase classname="com.myshop.testcases.LogInTests" name="logInTest1" time="11.496">
    <failure type="java.lang.AssertionError" message="expected [true] but found [false]">
      <![CDATA[java.lang.AssertionError: expected [true] but found [false]
at com.myshop.testcases.LogInTests.logInTest1(LogInTests.java:64)
at java.base/java.util.ArrayList.forEach(ArrayList.java:1511)
... Removed 31 stack frames]]>
    </failure>
  </testcase> <!-- logInTest1 -->
  <testcase classname="com.myshop.testcases.LogInTests" name="logInTest1" time="9.756">
    <failure type="java.lang.AssertionError" message="expected [true] but found [false]">
      <![CDATA[java.lang.AssertionError: expected [true] but found [false]
at com.myshop.testcases.LogInTests.logInTest1(LogInTests.java:64)
at java.base/java.util.ArrayList.forEach(ArrayList.java:1511)
... Removed 31 stack frames]]>
    </failure>
  </testcase> <!-- logInTest1 -->
</testsuite> <!-- TestChrome -->
